 
****************************************
Report : power
        -analysis_effort low
Design : fir4rca
Version: K-2015.06-SP2
Date   : Sun Dec  5 21:04:43 2021
****************************************


Library(s) Used:

    tcbn65gpluswc (File: /home/linux/ieng6/ee260afa21/public/lab3_setup/libraries/db/tcbn65gpluswc.db)


Operating Conditions: WCCOM   Library: tcbn65gpluswc
Wire Load Model Mode: segmented

Design        Wire Load Model            Library
------------------------------------------------
fir4rca                ZeroWireload      tcbn65gpluswc


Global Operating Voltage = 0.9  
Power-specific unit information :
    Voltage Units = 1V
    Capacitance Units = 1.000000pf
    Time Units = 1ns
    Dynamic Power Units = 1mW    (derived from V,C,T units)
    Leakage Power Units = 1nW


  Cell Internal Power  =   1.4786 mW   (77%)
  Net Switching Power  = 452.6638 uW   (23%)
                         ---------
Total Dynamic Power    =   1.9313 mW  (100%)

Cell Leakage Power     =  29.1498 uW


                 Internal         Switching           Leakage            Total
Power Group      Power            Power               Power              Power   (   %    )  Attrs
--------------------------------------------------------------------------------------------------
io_pad             0.0000            0.0000            0.0000            0.0000  (   0.00%)
memory             0.0000            0.0000            0.0000            0.0000  (   0.00%)
black_box          0.0000            0.0000            0.0000            0.0000  (   0.00%)
clock_network      0.0000            0.0000            0.0000            0.0000  (   0.00%)
register           1.1944            0.1613        6.1136e+03            1.3618  (  69.46%)
sequential         0.0000            0.0000            0.0000            0.0000  (   0.00%)
combinational      0.2843            0.2914        2.3036e+04            0.5987  (  30.54%)
--------------------------------------------------------------------------------------------------
Total              1.4786 mW         0.4527 mW     2.9150e+04 nW         1.9605 mW
1
