 
****************************************
Report : timing
        -path full
        -delay max
        -max_paths 1
Design : fir4rca
Version: K-2015.06-SP2
Date   : Sun Dec  5 21:15:33 2021
****************************************

Operating Conditions: WCCOM   Library: tcbn65gpluswc
Wire Load Model Mode: segmented

  Startpoint: dr_reg_2_ (rising edge-triggered flip-flop clocked by clk)
  Endpoint: s_reg_13_ (rising edge-triggered flip-flop clocked by clk)
  Path Group: clk
  Path Type: max

  Des/Clust/Port     Wire Load Model       Library
  ------------------------------------------------
  fir4rca            ZeroWireload          tcbn65gpluswc

  Point                                    Incr       Path
  -----------------------------------------------------------
  clock clk (rise edge)                    0.00       0.00
  clock network delay (ideal)              0.00       0.00
  dr_reg_2_/CP (DFQD4)                     0.00       0.00 r
  dr_reg_2_/Q (DFQD4)                      0.12       0.12 f
  U420/ZN (XNR2D1)                         0.09       0.21 f
  U418/Z (XOR3D2)                          0.16       0.37 f
  U415/ZN (NR2XD1)                         0.03       0.41 r
  U407/ZN (OAI21D2)                        0.03       0.44 f
  U533/ZN (ND2D2)                          0.02       0.46 r
  U423/ZN (ND2D2)                          0.03       0.49 f
  U422/ZN (ND2D4)                          0.03       0.52 r
  U488/ZN (CKND2D4)                        0.03       0.54 f
  U563/ZN (AOI21D2)                        0.03       0.58 r
  U508/ZN (XNR2D1)                         0.08       0.65 f
  U507/ZN (NR2XD1)                         0.02       0.68 r
  s_reg_13_/D (DFD2)                       0.00       0.68 r
  data arrival time                                   0.68

  clock clk (rise edge)                    0.50       0.50
  clock network delay (ideal)              0.00       0.50
  s_reg_13_/CP (DFD2)                      0.00       0.50 r
  library setup time                      -0.03       0.47
  data required time                                  0.47
  -----------------------------------------------------------
  data required time                                  0.47
  data arrival time                                  -0.68
  -----------------------------------------------------------
  slack (VIOLATED)                                   -0.21


1
