/software/nonrdist64/dc-2015.06-64/auxx/gui/dv/dv_setup.tcl
/software/nonrdist64/dc-2015.06-64/auxx/gui/syn/snpsSynProcs.tcl
/software/nonrdist64/dc-2015.06-64/auxx/tcllib/lib/tcl8.5/tm.tcl
/software/nonrdist64/dc-2015.06-64/auxx/tcllib/lib/tcl8.5/package.tcl
/software/nonrdist64/dc-2015.06-64/auxx/gui/syn/layout/pkgIndex.tcl
/software/nonrdist64/dc-2015.06-64/auxx/gui/common/palettegroup/pkgIndex.tcl
/software/nonrdist64/dc-2015.06-64/auxx/gui/common/libviewer/pkgIndex.tcl
/software/nonrdist64/dc-2015.06-64/auxx/gui/common/fanoutviewer/pkgIndex.tcl
/software/nonrdist64/dc-2015.06-64/auxx/gui/common/WindowFrameWork/pkgIndex.tcl
/software/nonrdist64/dc-2015.06-64/auxx/gui/common/view/pkgIndex.tcl
/software/nonrdist64/dc-2015.06-64/auxx/gui/common/dialogs/pkgIndex.tcl
/software/nonrdist64/dc-2015.06-64/auxx/gui/common/mrupalette/pkgIndex.tcl
/software/nonrdist64/dc-2015.06-64/auxx/gui/common/opdlg/pkgIndex.tcl
/software/nonrdist64/dc-2015.06-64/auxx/gui/common/table/pkgIndex.tcl
/software/nonrdist64/dc-2015.06-64/auxx/gui/common/strokes/pkgIndex.tcl
/software/nonrdist64/dc-2015.06-64/auxx/gui/common/docBrowser/pkgIndex.tcl
/software/nonrdist64/dc-2015.06-64/auxx/gui/common/tcl-dp/pkgIndex.tcl
/software/nonrdist64/dc-2015.06-64/auxx/gui/common/profiler/pkgIndex.tcl
/software/nonrdist64/dc-2015.06-64/auxx/gui/common/tq/pkgIndex.tcl
/software/nonrdist64/dc-2015.06-64/auxx/gui/common/setup/pkgIndex.tcl
/software/nonrdist64/dc-2015.06-64/auxx/gui/common/commandform/pkgIndex.tcl
/software/nonrdist64/dc-2015.06-64/auxx/gui/common/layout/pkgIndex.tcl
/software/nonrdist64/dc-2015.06-64/auxx/gui/common/regressionToolkit/pkgIndex.tcl
/software/nonrdist64/dc-2015.06-64/auxx/gui/common/qtcl/pkgIndex.tcl
/software/nonrdist64/dc-2015.06-64/auxx/gui/common/menus/pkgIndex.tcl
/software/nonrdist64/dc-2015.06-64/auxx/gui/common/hierarchy/pkgIndex.tcl
/software/nonrdist64/dc-2015.06-64/auxx/gui/common/histogram/pkgIndex.tcl
/software/nonrdist64/dc-2015.06-64/auxx/gui/common/select/pkgIndex.tcl
/software/nonrdist64/dc-2015.06-64/auxx/gui/common/tiledview/pkgIndex.tcl
/software/nonrdist64/dc-2015.06-64/auxx/gui/common/pathinspector/pkgIndex.tcl
/software/nonrdist64/dc-2015.06-64/auxx/gui/common/misc/pkgIndex.tcl
/software/nonrdist64/dc-2015.06-64/auxx/gui/common/highlight/pkgIndex.tcl
/software/nonrdist64/dc-2015.06-64/auxx/gui/common/schematic/pkgIndex.tcl
/software/nonrdist64/dc-2015.06-64/auxx/gui/common/acg/pkgIndex.tcl
/software/nonrdist64/dc-2015.06-64/auxx/gui/common/timing/pkgIndex.tcl
/software/nonrdist64/dc-2015.06-64/auxx/gui/dv/pkgIndex.tcl
/software/nonrdist64/dc-2015.06-64/auxx/tcllib/snps_tcl/snpsUtils/pkgIndex.tcl
/software/nonrdist64/dc-2015.06-64/auxx/tcllib/snps_tcl/snpsTest/pkgIndex.tcl
/software/nonrdist64/dc-2015.06-64/auxx/tcllib/snps_tcl/snpsTclPro/pkgIndex.tcl
/software/nonrdist64/dc-2015.06-64/auxx/tcllib/snps_tcl/pkgIndex.tcl
/software/nonrdist64/dc-2015.06-64/auxx/tcllib/lib/tcl8.5/msgcat/pkgIndex.tcl
/software/nonrdist64/dc-2015.06-64/auxx/tcllib/lib/tcl8.5/platform/pkgIndex.tcl
/software/nonrdist64/dc-2015.06-64/auxx/tcllib/lib/tcl8.5/tcltest/pkgIndex.tcl
/software/nonrdist64/dc-2015.06-64/auxx/tcllib/lib/tcl8.5/dde/pkgIndex.tcl
/software/nonrdist64/dc-2015.06-64/auxx/tcllib/lib/tcl8.5/opt/pkgIndex.tcl
/software/nonrdist64/dc-2015.06-64/auxx/tcllib/lib/tcl8.5/reg/pkgIndex.tcl
/software/nonrdist64/dc-2015.06-64/auxx/tcllib/lib/tcl8.5/http/pkgIndex.tcl
/software/nonrdist64/dc-2015.06-64/auxx/tcllib/lib/tcl8.5/http1.0/pkgIndex.tcl
/software/nonrdist64/dc-2015.06-64/auxx/gui/common/setup/snpsCommonSetup.tcl
/software/nonrdist64/dc-2015.06-64/auxx/gui/common/setup/snpsCustomize.tcl
/software/nonrdist64/dc-2015.06-64/auxx/gui/common/setup/snpsProcheck.tcl
/software/nonrdist64/dc-2015.06-64/auxx/gui/common/qtcl/.synopsys_qtcl.tcl
/software/nonrdist64/dc-2015.06-64/auxx/gui/common/highlight/highlight.tcl
/software/nonrdist64/dc-2015.06-64/auxx/gui/common/misc/base.tcl
/software/nonrdist64/dc-2015.06-64/auxx/gui/common/misc/timing.tcl
/software/nonrdist64/dc-2015.06-64/auxx/gui/common/misc/setting.tcl
/software/nonrdist64/dc-2015.06-64/auxx/gui/common/misc/preset.tcl
/software/nonrdist64/dc-2015.06-64/auxx/gui/common/WindowFrameWork/windowFrameWork.tcl
/software/nonrdist64/dc-2015.06-64/auxx/gui/common/WindowFrameWork/skipBusyCursorCmdList.tcl
/software/nonrdist64/dc-2015.06-64/auxx/gui/common/docBrowser/docBrowser.tcl
/software/nonrdist64/dc-2015.06-64/auxx/tcllib/snps_tcl/snpsUtils/snpsUtils.tcl
/software/nonrdist64/dc-2015.06-64/auxx/gui/common/dialogs/ObjectChooser.tcl
/software/nonrdist64/dc-2015.06-64/auxx/gui/common/misc/DialogObjectChooser.tcl
/software/nonrdist64/dc-2015.06-64/auxx/gui/common/dialogs/HistBinInformation.tcl
/software/nonrdist64/dc-2015.06-64/auxx/gui/common/dialogs/HistBin1Information.tcl
/software/nonrdist64/dc-2015.06-64/auxx/gui/common/dialogs/BinsOnlyInformation.tcl
/software/nonrdist64/dc-2015.06-64/auxx/gui/common/dialogs/FileChooser.tcl
/software/nonrdist64/dc-2015.06-64/auxx/gui/common/dialogs/PathPinSimpleInfo.tcl
/software/nonrdist64/dc-2015.06-64/auxx/gui/common/dialogs/PathsBasicInfo.tcl
/software/nonrdist64/dc-2015.06-64/auxx/gui/common/dialogs/PathsBasicSimpleInfo.tcl
/software/nonrdist64/dc-2015.06-64/auxx/gui/common/dialogs/SlctOperationInfo.tcl
/software/nonrdist64/dc-2015.06-64/auxx/gui/common/dialogs/ObjectListInfo.tcl
/software/nonrdist64/dc-2015.06-64/auxx/gui/common/dialogs/FanInOutInfo.tcl
/software/nonrdist64/dc-2015.06-64/auxx/gui/common/dialogs/NumberOfLevelsChooser.tcl
/software/nonrdist64/dc-2015.06-64/auxx/gui/common/dialogs/WindowReuseInfo.tcl
/software/nonrdist64/dc-2015.06-64/auxx/gui/common/dialogs/ReportOutputOptionInfo.tcl
/software/nonrdist64/dc-2015.06-64/auxx/gui/common/setup/snpsCollections.tcl
/software/nonrdist64/dc-2015.06-64/auxx/gui/common/dialogs/CompileLinkDesign.tcl
/software/nonrdist64/dc-2015.06-64/auxx/gui/common/histogram/DialogEndpointSlack.tcl
/software/nonrdist64/dc-2015.06-64/auxx/gui/common/histogram/DialogPathsSlack.tcl
/software/nonrdist64/dc-2015.06-64/auxx/gui/common/histogram/DialogNetCapacitance.tcl
/software/nonrdist64/dc-2015.06-64/auxx/gui/common/schematic/DialogPathSchematicFanInOut.tcl
/software/nonrdist64/dc-2015.06-64/auxx/gui/common/schematic/DialogPathSchematicAddPaths.tcl
/software/nonrdist64/dc-2015.06-64/auxx/tcllib/lib/tk8.5/tk.tcl
/software/nonrdist64/dc-2015.06-64/auxx/tcllib/lib/tcl8.5/msgcat/msgcat.tcl
/software/nonrdist64/dc-2015.06-64/auxx/tcllib/lib/tk8.5/button.tcl
/software/nonrdist64/dc-2015.06-64/auxx/tcllib/lib/tk8.5/entry.tcl
/software/nonrdist64/dc-2015.06-64/auxx/tcllib/lib/tk8.5/listbox.tcl
/software/nonrdist64/dc-2015.06-64/auxx/tcllib/lib/tk8.5/menu.tcl
/software/nonrdist64/dc-2015.06-64/auxx/tcllib/lib/tk8.5/panedwindow.tcl
/software/nonrdist64/dc-2015.06-64/auxx/tcllib/lib/tk8.5/scale.tcl
/software/nonrdist64/dc-2015.06-64/auxx/tcllib/lib/tk8.5/scrlbar.tcl
/software/nonrdist64/dc-2015.06-64/auxx/tcllib/lib/tk8.5/spinbox.tcl
/software/nonrdist64/dc-2015.06-64/auxx/tcllib/lib/tk8.5/text.tcl
/software/nonrdist64/dc-2015.06-64/auxx/tcllib/lib/tk8.5/ttk/ttk.tcl
/software/nonrdist64/dc-2015.06-64/auxx/tcllib/lib/tk8.5/ttk/fonts.tcl
/software/nonrdist64/dc-2015.06-64/auxx/tcllib/lib/tk8.5/ttk/cursors.tcl
/software/nonrdist64/dc-2015.06-64/auxx/tcllib/lib/tk8.5/ttk/utils.tcl
/software/nonrdist64/dc-2015.06-64/auxx/tcllib/lib/tk8.5/ttk/button.tcl
/software/nonrdist64/dc-2015.06-64/auxx/tcllib/lib/tk8.5/ttk/menubutton.tcl
/software/nonrdist64/dc-2015.06-64/auxx/tcllib/lib/tk8.5/ttk/scrollbar.tcl
/software/nonrdist64/dc-2015.06-64/auxx/tcllib/lib/tk8.5/ttk/scale.tcl
/software/nonrdist64/dc-2015.06-64/auxx/tcllib/lib/tk8.5/ttk/progress.tcl
/software/nonrdist64/dc-2015.06-64/auxx/tcllib/lib/tk8.5/ttk/notebook.tcl
/software/nonrdist64/dc-2015.06-64/auxx/tcllib/lib/tk8.5/ttk/panedwindow.tcl
/software/nonrdist64/dc-2015.06-64/auxx/tcllib/lib/tk8.5/ttk/entry.tcl
/software/nonrdist64/dc-2015.06-64/auxx/tcllib/lib/tk8.5/ttk/combobox.tcl
/software/nonrdist64/dc-2015.06-64/auxx/tcllib/lib/tk8.5/ttk/spinbox.tcl
/software/nonrdist64/dc-2015.06-64/auxx/tcllib/lib/tk8.5/ttk/treeview.tcl
/software/nonrdist64/dc-2015.06-64/auxx/tcllib/lib/tk8.5/ttk/sizegrip.tcl
/software/nonrdist64/dc-2015.06-64/auxx/tcllib/lib/tk8.5/ttk/defaults.tcl
/software/nonrdist64/dc-2015.06-64/auxx/tcllib/lib/tk8.5/ttk/classicTheme.tcl
/software/nonrdist64/dc-2015.06-64/auxx/tcllib/lib/tk8.5/ttk/altTheme.tcl
/software/nonrdist64/dc-2015.06-64/auxx/tcllib/lib/tk8.5/ttk/clamTheme.tcl
/software/nonrdist64/dc-2015.06-64/auxx/tcllib/lib/tix8.4.3/Init.tcl
/software/nonrdist64/dc-2015.06-64/auxx/tcllib/lib/tix8.4.3/fs.tcl
/software/nonrdist64/dc-2015.06-64/auxx/tcllib/lib/tix8.4.3/Tix.tcl
/software/nonrdist64/dc-2015.06-64/auxx/tcllib/lib/tix8.4.3/Event.tcl
/software/nonrdist64/dc-2015.06-64/auxx/tcllib/lib/tix8.4.3/Balloon.tcl
/software/nonrdist64/dc-2015.06-64/auxx/tcllib/lib/tix8.4.3/BtnBox.tcl
/software/nonrdist64/dc-2015.06-64/auxx/tcllib/lib/tix8.4.3/CObjView.tcl
/software/nonrdist64/dc-2015.06-64/auxx/tcllib/lib/tix8.4.3/ChkList.tcl
/software/nonrdist64/dc-2015.06-64/auxx/tcllib/lib/tix8.4.3/ComboBox.tcl
/software/nonrdist64/dc-2015.06-64/auxx/tcllib/lib/tk8.5/unsupported.tcl
/software/nonrdist64/dc-2015.06-64/auxx/tcllib/lib/tix8.4.3/Compat.tcl
/software/nonrdist64/dc-2015.06-64/auxx/tcllib/lib/tix8.4.3/Console.tcl
/software/nonrdist64/dc-2015.06-64/auxx/tcllib/lib/tix8.4.3/Control.tcl
/software/nonrdist64/dc-2015.06-64/auxx/tcllib/lib/tix8.4.3/DefSchm.tcl
/software/nonrdist64/dc-2015.06-64/auxx/tcllib/lib/tix8.4.3/DialogS.tcl
/software/nonrdist64/dc-2015.06-64/auxx/tcllib/lib/tix8.4.3/DirBox.tcl
/software/nonrdist64/dc-2015.06-64/auxx/tcllib/lib/tix8.4.3/DirDlg.tcl
/software/nonrdist64/dc-2015.06-64/auxx/tcllib/lib/tix8.4.3/DirList.tcl
/software/nonrdist64/dc-2015.06-64/auxx/tcllib/lib/tix8.4.3/DirTree.tcl
/software/nonrdist64/dc-2015.06-64/auxx/tcllib/lib/tix8.4.3/DragDrop.tcl
/software/nonrdist64/dc-2015.06-64/auxx/tcllib/lib/tix8.4.3/DtlList.tcl
/software/nonrdist64/dc-2015.06-64/auxx/tcllib/lib/tix8.4.3/EFileBox.tcl
/software/nonrdist64/dc-2015.06-64/auxx/tcllib/lib/tix8.4.3/EFileDlg.tcl
/software/nonrdist64/dc-2015.06-64/auxx/tcllib/lib/tix8.4.3/FileBox.tcl
/software/nonrdist64/dc-2015.06-64/auxx/tcllib/lib/tix8.4.3/FileCbx.tcl
/software/nonrdist64/dc-2015.06-64/auxx/tcllib/lib/tix8.4.3/FileDlg.tcl
/software/nonrdist64/dc-2015.06-64/auxx/tcllib/lib/tix8.4.3/FileEnt.tcl
/software/nonrdist64/dc-2015.06-64/auxx/tcllib/lib/tix8.4.3/FloatEnt.tcl
/software/nonrdist64/dc-2015.06-64/auxx/tcllib/lib/tix8.4.3/Grid.tcl
/software/nonrdist64/dc-2015.06-64/auxx/tcllib/lib/tix8.4.3/HList.tcl
/software/nonrdist64/dc-2015.06-64/auxx/tcllib/lib/tix8.4.3/HListDD.tcl
/software/nonrdist64/dc-2015.06-64/auxx/tcllib/lib/tix8.4.3/IconView.tcl
/software/nonrdist64/dc-2015.06-64/auxx/tcllib/lib/tix8.4.3/LabEntry.tcl
/software/nonrdist64/dc-2015.06-64/auxx/tcllib/lib/tix8.4.3/LabFrame.tcl
/software/nonrdist64/dc-2015.06-64/auxx/tcllib/lib/tix8.4.3/LabWidg.tcl
/software/nonrdist64/dc-2015.06-64/auxx/tcllib/lib/tix8.4.3/ListNBk.tcl
/software/nonrdist64/dc-2015.06-64/auxx/tcllib/lib/tix8.4.3/Meter.tcl
/software/nonrdist64/dc-2015.06-64/auxx/tcllib/lib/tix8.4.3/MultView.tcl
/software/nonrdist64/dc-2015.06-64/auxx/tcllib/lib/tix8.4.3/NoteBook.tcl
/software/nonrdist64/dc-2015.06-64/auxx/tcllib/lib/tix8.4.3/OldUtil.tcl
/software/nonrdist64/dc-2015.06-64/auxx/tcllib/lib/tix8.4.3/OptMenu.tcl
/software/nonrdist64/dc-2015.06-64/auxx/tcllib/lib/tix8.4.3/PanedWin.tcl
/software/nonrdist64/dc-2015.06-64/auxx/tcllib/lib/tix8.4.3/PopMenu.tcl
/software/nonrdist64/dc-2015.06-64/auxx/tcllib/lib/tix8.4.3/Primitiv.tcl
/software/nonrdist64/dc-2015.06-64/auxx/tcllib/lib/tix8.4.3/ResizeH.tcl
/software/nonrdist64/dc-2015.06-64/auxx/tcllib/lib/tix8.4.3/SGrid.tcl
/software/nonrdist64/dc-2015.06-64/auxx/tcllib/lib/tix8.4.3/SHList.tcl
/software/nonrdist64/dc-2015.06-64/auxx/tcllib/lib/tix8.4.3/SListBox.tcl
/software/nonrdist64/dc-2015.06-64/auxx/tcllib/lib/tix8.4.3/STList.tcl
/software/nonrdist64/dc-2015.06-64/auxx/tcllib/lib/tix8.4.3/SText.tcl
/software/nonrdist64/dc-2015.06-64/auxx/tcllib/lib/tix8.4.3/SWidget.tcl
/software/nonrdist64/dc-2015.06-64/auxx/tcllib/lib/tix8.4.3/SWindow.tcl
/software/nonrdist64/dc-2015.06-64/auxx/tcllib/lib/tix8.4.3/Select.tcl
/software/nonrdist64/dc-2015.06-64/auxx/tcllib/lib/tix8.4.3/Shell.tcl
/software/nonrdist64/dc-2015.06-64/auxx/tcllib/lib/tix8.4.3/SimpDlg.tcl
/software/nonrdist64/dc-2015.06-64/auxx/tcllib/lib/tix8.4.3/StackWin.tcl
/software/nonrdist64/dc-2015.06-64/auxx/tcllib/lib/tix8.4.3/StatBar.tcl
/software/nonrdist64/dc-2015.06-64/auxx/tcllib/lib/tix8.4.3/StdBBox.tcl
/software/nonrdist64/dc-2015.06-64/auxx/tcllib/lib/tix8.4.3/StdShell.tcl
/software/nonrdist64/dc-2015.06-64/auxx/tcllib/lib/tix8.4.3/TList.tcl
/software/nonrdist64/dc-2015.06-64/auxx/tcllib/lib/tix8.4.3/Tree.tcl
/software/nonrdist64/dc-2015.06-64/auxx/tcllib/lib/tix8.4.3/Utils.tcl
/software/nonrdist64/dc-2015.06-64/auxx/tcllib/lib/tix8.4.3/VResize.tcl
/software/nonrdist64/dc-2015.06-64/auxx/tcllib/lib/tix8.4.3/VStack.tcl
/software/nonrdist64/dc-2015.06-64/auxx/tcllib/lib/tix8.4.3/VTree.tcl
/software/nonrdist64/dc-2015.06-64/auxx/tcllib/lib/tix8.4.3/Variable.tcl
/software/nonrdist64/dc-2015.06-64/auxx/tcllib/lib/tix8.4.3/WInfo.tcl
/software/nonrdist64/dc-2015.06-64/auxx/gui/common/tq/snpsTkStyle.tcl
/software/nonrdist64/dc-2015.06-64/auxx/tcllib/lib/tk8.5/palette.tcl
/software/nonrdist64/dc-2015.06-64/auxx/tcllib/lib/itk3.4/itk.tcl
/software/nonrdist64/dc-2015.06-64/auxx/tcllib/lib/iwidgets4.0.2/lib/iwidgets/iwidgets.tcl
/software/nonrdist64/dc-2015.06-64/auxx/gui/common/histogram/base.tcl
/software/nonrdist64/dc-2015.06-64/auxx/gui/common/profiler/base.tcl
/software/nonrdist64/dc-2015.06-64/auxx/gui/common/schematic/base.tcl
/software/nonrdist64/dc-2015.06-64/auxx/gui/common/select/baseInternal.tcl
/software/nonrdist64/dc-2015.06-64/auxx/gui/common/schematic/enable.tcl
/software/nonrdist64/dc-2015.06-64/auxx/gui/common/schematic/netlist.tcl
/software/nonrdist64/dc-2015.06-64/auxx/gui/common/schematic/method.tcl
/software/nonrdist64/dc-2015.06-64/auxx/gui/common/misc/createViewType.tcl
/software/nonrdist64/dc-2015.06-64/auxx/gui/common/misc/GuiMenuEnable.tcl
/software/nonrdist64/dc-2015.06-64/auxx/gui/common/menus/base.tcl
/software/nonrdist64/dc-2015.06-64/auxx/gui/common/libviewer/base.tcl
/software/nonrdist64/dc-2015.06-64/auxx/gui/common/misc/viewmgr.tcl
/software/nonrdist64/dc-2015.06-64/auxx/gui/common/pathinspector/base.tcl
/software/nonrdist64/dc-2015.06-64/auxx/gui/common/pathinspector/create_window_and_menu.tcl
/software/nonrdist64/dc-2015.06-64/auxx/gui/dv/dv_path_cat_view.tcl
/software/nonrdist64/dc-2015.06-64/auxx/gui/common/table/table.tcl
/software/nonrdist64/dc-2015.06-64/auxx/gui/common/table/table_internal.tcl
/software/nonrdist64/dc-2015.06-64/auxx/gui/common/misc/infotip.tcl
/software/nonrdist64/dc-2015.06-64/auxx/gui/common/misc/viewporthistory.tcl
/software/nonrdist64/dc-2015.06-64/libraries/syn/gtech.db
/software/nonrdist64/dc-2015.06-64/libraries/syn/standard.sldb
/home/linux/ieng6/ee260afa21/gdeshpande/lab3/setup_bhvr/run_dc_setup_reference/fir4rca.out.v
/home/linux/ieng6/ee260afa21/gdeshpande/lab3/setup_bhvr/run_dc_setup_reference/fir4rca.out.v
/software/nonrdist64/dc-2015.06-64/libraries/syn/generic.sdb
