 
****************************************
Report : timing
        -path full
        -delay max
        -max_paths 1
Design : fir4rca
Version: K-2015.06-SP2
Date   : Mon Dec  6 20:52:52 2021
****************************************

Operating Conditions: WCCOM   Library: tcbn65gpluswc
Wire Load Model Mode: segmented

  Startpoint: cr_reg_7_ (rising edge-triggered flip-flop clocked by clk)
  Endpoint: s_reg_10_ (rising edge-triggered flip-flop clocked by clk)
  Path Group: clk
  Path Type: max

  Des/Clust/Port     Wire Load Model       Library
  ------------------------------------------------
  fir4rca            ZeroWireload          tcbn65gpluswc

  Point                                    Incr       Path
  -----------------------------------------------------------
  clock clk (rise edge)                    0.00       0.00
  clock network delay (ideal)              0.00       0.00
  cr_reg_7_/CP (DFQD4)                     0.00       0.00 r
  cr_reg_7_/Q (DFQD4)                      0.12       0.12 f
  U332/CO (FA1D1)                          0.14       0.26 f
  U337/S (FA1D4)                           0.15       0.41 f
  U298/ZN (NR2XD2)                         0.04       0.45 r
  U307/ZN (OAI21D4)                        0.03       0.48 f
  U311/ZN (AOI21D4)                        0.05       0.53 r
  U240/ZN (OAI21D4)                        0.05       0.58 f
  U407/ZN (AOI21D1)                        0.04       0.62 r
  U409/ZN (XNR2D1)                         0.08       0.70 f
  U410/ZN (NR2XD1)                         0.02       0.72 r
  s_reg_10_/D (DFD2)                       0.00       0.72 r
  data arrival time                                   0.72

  clock clk (rise edge)                    0.50       0.50
  clock network delay (ideal)              0.00       0.50
  s_reg_10_/CP (DFD2)                      0.00       0.50 r
  library setup time                      -0.03       0.47
  data required time                                  0.47
  -----------------------------------------------------------
  data required time                                  0.47
  data arrival time                                  -0.72
  -----------------------------------------------------------
  slack (VIOLATED)                                   -0.25


1
